{"/Users/santimarquez/repos/santimarquez/src/data/experience.ts": {"path":"/Users/santimarquez/repos/santimarquez/src/data/experience.ts","statementMap":{"0":{"start":{"line":8,"column":44},"end":{"line":56,"column":null}}},"fnMap":{},"branchMap":{},"s":{"0":1},"f":{},"b":{},"meta":{"lastBranch":0,"lastFunction":0,"lastStatement":1,"seen":{"s:8:44:56:Infinity":0}}}
,"/Users/santimarquez/repos/santimarquez/src/data/techStack.ts": {"path":"/Users/santimarquez/repos/santimarquez/src/data/techStack.ts","statementMap":{"0":{"start":{"line":1,"column":35},"end":{"line":7,"column":null}},"1":{"start":{"line":11,"column":62},"end":{"line":17,"column":null}}},"fnMap":{},"branchMap":{},"s":{"0":1,"1":1},"f":{},"b":{},"meta":{"lastBranch":0,"lastFunction":0,"lastStatement":2,"seen":{"s:1:35:7:Infinity":0,"s:11:62:17:Infinity":1}}}
,"/Users/santimarquez/repos/santimarquez/src/i18n/en.json": {"path":"/Users/santimarquez/repos/santimarquez/src/i18n/en.json","statementMap":{},"fnMap":{},"branchMap":{},"s":{},"f":{},"b":{},"meta":{"lastBranch":0,"lastFunction":0,"lastStatement":0,"seen":{}}}
,"/Users/santimarquez/repos/santimarquez/src/i18n/es.json": {"path":"/Users/santimarquez/repos/santimarquez/src/i18n/es.json","statementMap":{},"fnMap":{},"branchMap":{},"s":{},"f":{},"b":{},"meta":{"lastBranch":0,"lastFunction":0,"lastStatement":0,"seen":{}}}
,"/Users/santimarquez/repos/santimarquez/src/pages/api/contact.ts": {"path":"/Users/santimarquez/repos/santimarquez/src/pages/api/contact.ts","statementMap":{"0":{"start":{"line":5,"column":25},"end":{"line":5,"column":null}},"1":{"start":{"line":8,"column":15},"end":{"line":8,"column":null}},"2":{"start":{"line":9,"column":15},"end":{"line":9,"column":null}},"3":{"start":{"line":10,"column":15},"end":{"line":10,"column":null}},"4":{"start":{"line":11,"column":15},"end":{"line":11,"column":null}},"5":{"start":{"line":12,"column":17},"end":{"line":12,"column":null}},"6":{"start":{"line":14,"column":2},"end":{"line":16,"column":null}},"7":{"start":{"line":15,"column":4},"end":{"line":15,"column":null}},"8":{"start":{"line":18,"column":2},"end":{"line":24,"column":null}},"9":{"start":{"line":27,"column":30},"end":{"line":81,"column":null}},"10":{"start":{"line":28,"column":2},"end":{"line":33,"column":null}},"11":{"start":{"line":29,"column":4},"end":{"line":32,"column":null}},"12":{"start":{"line":36,"column":2},"end":{"line":43,"column":null}},"13":{"start":{"line":37,"column":4},"end":{"line":37,"column":null}},"14":{"start":{"line":39,"column":4},"end":{"line":42,"column":null}},"15":{"start":{"line":45,"column":15},"end":{"line":45,"column":null}},"16":{"start":{"line":46,"column":16},"end":{"line":46,"column":null}},"17":{"start":{"line":47,"column":18},"end":{"line":47,"column":null}},"18":{"start":{"line":49,"column":2},"end":{"line":54,"column":null}},"19":{"start":{"line":50,"column":4},"end":{"line":53,"column":null}},"20":{"start":{"line":56,"column":22},"end":{"line":56,"column":null}},"21":{"start":{"line":57,"column":19},"end":{"line":57,"column":null}},"22":{"start":{"line":59,"column":2},"end":{"line":75,"column":null}},"23":{"start":{"line":60,"column":24},"end":{"line":60,"column":null}},"24":{"start":{"line":61,"column":4},"end":{"line":68,"column":null}},"25":{"start":{"line":70,"column":4},"end":{"line":70,"column":null}},"26":{"start":{"line":71,"column":4},"end":{"line":74,"column":null}},"27":{"start":{"line":77,"column":2},"end":{"line":80,"column":null}}},"fnMap":{"0":{"name":"getTransporter","decl":{"start":{"line":7,"column":9},"end":{"line":7,"column":26}},"loc":{"start":{"line":7,"column":26},"end":{"line":25,"column":null}},"line":7},"1":{"name":"(anonymous_1)","decl":{"start":{"line":27,"column":30},"end":{"line":27,"column":37}},"loc":{"start":{"line":27,"column":53},"end":{"line":81,"column":null}},"line":27}},"branchMap":{"0":{"loc":{"start":{"line":9,"column":15},"end":{"line":9,"column":null}},"type":"binary-expr","locations":[{"start":{"line":9,"column":15},"end":{"line":9,"column":52}},{"start":{"line":9,"column":52},"end":{"line":9,"column":null}}],"line":9},"1":{"loc":{"start":{"line":14,"column":2},"end":{"line":16,"column":null}},"type":"if","locations":[{"start":{"line":14,"column":2},"end":{"line":16,"column":null}},{"start":{},"end":{}}],"line":14},"2":{"loc":{"start":{"line":14,"column":6},"end":{"line":14,"column":31}},"type":"binary-expr","locations":[{"start":{"line":14,"column":6},"end":{"line":14,"column":15}},{"start":{"line":14,"column":15},"end":{"line":14,"column":24}},{"start":{"line":14,"column":24},"end":{"line":14,"column":31}}],"line":14},"3":{"loc":{"start":{"line":28,"column":2},"end":{"line":33,"column":null}},"type":"if","locations":[{"start":{"line":28,"column":2},"end":{"line":33,"column":null}},{"start":{},"end":{}}],"line":28},"4":{"loc":{"start":{"line":45,"column":22},"end":{"line":45,"column":38}},"type":"binary-expr","locations":[{"start":{"line":45,"column":22},"end":{"line":45,"column":36}},{"start":{"line":45,"column":36},"end":{"line":45,"column":38}}],"line":45},"5":{"loc":{"start":{"line":46,"column":23},"end":{"line":46,"column":40}},"type":"binary-expr","locations":[{"start":{"line":46,"column":23},"end":{"line":46,"column":38}},{"start":{"line":46,"column":38},"end":{"line":46,"column":40}}],"line":46},"6":{"loc":{"start":{"line":47,"column":25},"end":{"line":47,"column":44}},"type":"binary-expr","locations":[{"start":{"line":47,"column":25},"end":{"line":47,"column":42}},{"start":{"line":47,"column":42},"end":{"line":47,"column":44}}],"line":47},"7":{"loc":{"start":{"line":49,"column":2},"end":{"line":54,"column":null}},"type":"if","locations":[{"start":{"line":49,"column":2},"end":{"line":54,"column":null}},{"start":{},"end":{}}],"line":49},"8":{"loc":{"start":{"line":49,"column":6},"end":{"line":49,"column":35}},"type":"binary-expr","locations":[{"start":{"line":49,"column":6},"end":{"line":49,"column":15}},{"start":{"line":49,"column":15},"end":{"line":49,"column":25}},{"start":{"line":49,"column":25},"end":{"line":49,"column":35}}],"line":49},"9":{"loc":{"start":{"line":56,"column":22},"end":{"line":56,"column":null}},"type":"binary-expr","locations":[{"start":{"line":56,"column":22},"end":{"line":56,"column":59}},{"start":{"line":56,"column":59},"end":{"line":56,"column":null}}],"line":56},"10":{"loc":{"start":{"line":57,"column":19},"end":{"line":57,"column":null}},"type":"binary-expr","locations":[{"start":{"line":57,"column":19},"end":{"line":57,"column":53}},{"start":{"line":57,"column":53},"end":{"line":57,"column":null}}],"line":57}},"s":{"0":1,"1":1,"2":1,"3":1,"4":1,"5":1,"6":1,"7":0,"8":1,"9":1,"10":6,"11":1,"12":5,"13":5,"14":1,"15":4,"16":6,"17":6,"18":6,"19":3,"20":1,"21":6,"22":6,"23":6,"24":6,"25":0,"26":0,"27":1},"f":{"0":1,"1":6},"b":{"0":[1,1],"1":[0,1],"2":[1,1,1],"3":[1,5],"4":[4,1],"5":[6,1],"6":[6,1],"7":[3,3],"8":[6,3,2],"9":[1,1],"10":[6,1]},"meta":{"lastBranch":11,"lastFunction":2,"lastStatement":28,"seen":{"s:5:25:5:Infinity":0,"f:7:9:7:26":0,"s:8:15:8:Infinity":1,"s:9:15:9:Infinity":2,"b:9:15:9:52:9:52:9:Infinity":0,"s:10:15:10:Infinity":3,"s:11:15:11:Infinity":4,"s:12:17:12:Infinity":5,"b:14:2:16:Infinity:undefined:undefined:undefined:undefined":1,"s:14:2:16:Infinity":6,"b:14:6:14:15:14:15:14:24:14:24:14:31":2,"s:15:4:15:Infinity":7,"s:18:2:24:Infinity":8,"s:27:30:81:Infinity":9,"f:27:30:27:37":1,"b:28:2:33:Infinity:undefined:undefined:undefined:undefined":3,"s:28:2:33:Infinity":10,"s:29:4:32:Infinity":11,"s:36:2:43:Infinity":12,"s:37:4:37:Infinity":13,"s:39:4:42:Infinity":14,"s:45:15:45:Infinity":15,"b:45:22:45:36:45:36:45:38":4,"s:46:16:46:Infinity":16,"b:46:23:46:38:46:38:46:40":5,"s:47:18:47:Infinity":17,"b:47:25:47:42:47:42:47:44":6,"b:49:2:54:Infinity:undefined:undefined:undefined:undefined":7,"s:49:2:54:Infinity":18,"b:49:6:49:15:49:15:49:25:49:25:49:35":8,"s:50:4:53:Infinity":19,"s:56:22:56:Infinity":20,"b:56:22:56:59:56:59:56:Infinity":9,"s:57:19:57:Infinity":21,"b:57:19:57:53:57:53:57:Infinity":10,"s:59:2:75:Infinity":22,"s:60:24:60:Infinity":23,"s:61:4:68:Infinity":24,"s:70:4:70:Infinity":25,"s:71:4:74:Infinity":26,"s:77:2:80:Infinity":27}}}
,"/Users/santimarquez/repos/santimarquez/src/utils/escapeHtml.ts": {"path":"/Users/santimarquez/repos/santimarquez/src/utils/escapeHtml.ts","statementMap":{"0":{"start":{"line":5,"column":2},"end":{"line":10,"column":null}}},"fnMap":{"0":{"name":"escapeHtml","decl":{"start":{"line":4,"column":16},"end":{"line":4,"column":27}},"loc":{"start":{"line":4,"column":46},"end":{"line":11,"column":null}},"line":4}},"branchMap":{},"s":{"0":9},"f":{"0":9},"b":{},"meta":{"lastBranch":0,"lastFunction":1,"lastStatement":1,"seen":{"f:4:16:4:27":0,"s:5:2:10:Infinity":0}}}
,"/Users/santimarquez/repos/santimarquez/src/utils/i18n.ts": {"path":"/Users/santimarquez/repos/santimarquez/src/utils/i18n.ts","statementMap":{"0":{"start":{"line":6,"column":33},"end":{"line":6,"column":null}},"1":{"start":{"line":8,"column":58},"end":{"line":8,"column":null}},"2":{"start":{"line":11,"column":15},"end":{"line":11,"column":null}},"3":{"start":{"line":12,"column":23},"end":{"line":12,"column":null}},"4":{"start":{"line":13,"column":2},"end":{"line":19,"column":null}},"5":{"start":{"line":14,"column":4},"end":{"line":18,"column":null}},"6":{"start":{"line":15,"column":6},"end":{"line":15,"column":null}},"7":{"start":{"line":17,"column":6},"end":{"line":17,"column":null}},"8":{"start":{"line":20,"column":2},"end":{"line":20,"column":null}},"9":{"start":{"line":24,"column":2},"end":{"line":24,"column":null}}},"fnMap":{"0":{"name":"t","decl":{"start":{"line":10,"column":16},"end":{"line":10,"column":18}},"loc":{"start":{"line":10,"column":55},"end":{"line":21,"column":null}},"line":10},"1":{"name":"getMessages","decl":{"start":{"line":23,"column":16},"end":{"line":23,"column":28}},"loc":{"start":{"line":23,"column":69},"end":{"line":25,"column":null}},"line":23}},"branchMap":{"0":{"loc":{"start":{"line":14,"column":4},"end":{"line":18,"column":null}},"type":"if","locations":[{"start":{"line":14,"column":4},"end":{"line":18,"column":null}},{"start":{"line":16,"column":11},"end":{"line":18,"column":null}}],"line":14},"1":{"loc":{"start":{"line":14,"column":8},"end":{"line":14,"column":58}},"type":"binary-expr","locations":[{"start":{"line":14,"column":8},"end":{"line":14,"column":17}},{"start":{"line":14,"column":17},"end":{"line":14,"column":46}},{"start":{"line":14,"column":46},"end":{"line":14,"column":58}}],"line":14},"2":{"loc":{"start":{"line":20,"column":9},"end":{"line":20,"column":null}},"type":"cond-expr","locations":[{"start":{"line":20,"column":37},"end":{"line":20,"column":45}},{"start":{"line":20,"column":45},"end":{"line":20,"column":null}}],"line":20}},"s":{"0":1,"1":1,"2":14,"3":14,"4":14,"5":29,"6":27,"7":2,"8":12,"9":2},"f":{"0":14,"1":2},"b":{"0":[27,2],"1":[29,29,29],"2":[11,1]},"meta":{"lastBranch":3,"lastFunction":2,"lastStatement":10,"seen":{"s:6:33:6:Infinity":0,"s:8:58:8:Infinity":1,"f:10:16:10:18":0,"s:11:15:11:Infinity":2,"s:12:23:12:Infinity":3,"s:13:2:19:Infinity":4,"b:14:4:18:Infinity:16:11:18:Infinity":0,"s:14:4:18:Infinity":5,"b:14:8:14:17:14:17:14:46:14:46:14:58":1,"s:15:6:15:Infinity":6,"s:17:6:17:Infinity":7,"s:20:2:20:Infinity":8,"b:20:37:20:45:20:45:20:Infinity":2,"f:23:16:23:28":1,"s:24:2:24:Infinity":9}}}
,"/Users/santimarquez/repos/santimarquez/src/utils/schema.ts": {"path":"/Users/santimarquez/repos/santimarquez/src/utils/schema.ts","statementMap":{"0":{"start":{"line":1,"column":17},"end":{"line":1,"column":null}},"1":{"start":{"line":13,"column":65},"end":{"line":13,"column":null}},"2":{"start":{"line":14,"column":17},"end":{"line":22,"column":null}},"3":{"start":{"line":23,"column":2},"end":{"line":23,"column":null}}},"fnMap":{"0":{"name":"buildPersonSchema","decl":{"start":{"line":12,"column":16},"end":{"line":12,"column":34}},"loc":{"start":{"line":12,"column":72},"end":{"line":24,"column":null}},"line":12}},"branchMap":{"0":{"loc":{"start":{"line":13,"column":33},"end":{"line":13,"column":49}},"type":"default-arg","locations":[{"start":{"line":13,"column":39},"end":{"line":13,"column":49}}],"line":13},"1":{"loc":{"start":{"line":13,"column":49},"end":{"line":13,"column":61}},"type":"default-arg","locations":[{"start":{"line":13,"column":58},"end":{"line":13,"column":61}}],"line":13},"2":{"loc":{"start":{"line":21,"column":8},"end":{"line":21,"column":null}},"type":"binary-expr","locations":[{"start":{"line":21,"column":8},"end":{"line":21,"column":29}},{"start":{"line":21,"column":29},"end":{"line":21,"column":null}}],"line":21}},"s":{"0":1,"1":7,"2":7,"3":7},"f":{"0":7},"b":{"0":[7],"1":[7],"2":[7,2]},"meta":{"lastBranch":3,"lastFunction":1,"lastStatement":4,"seen":{"s:1:17:1:Infinity":0,"f:12:16:12:34":0,"s:13:65:13:Infinity":1,"b:13:39:13:49":0,"b:13:58:13:61":1,"s:14:17:22:Infinity":2,"b:21:8:21:29:21:29:21:Infinity":2,"s:23:2:23:Infinity":3}}}
}
